NOTICE: All program notification/warning messages that appear in STDERR will be also written to log file ex3.log
NOTICE: Reading marker coordinates and population frequency of B allele (PFB) from example.pfb ... Done with 93129 records
NOTICE: Reading LRR and BAF values for from father.txt ... Done with 93129 records in 4 chromosomes
NOTICE: Adjusting LRR by GC model: WF changes from 0.0184 to 0.0118, GCWF changes from 0.0136 to 0.0020
NOTICE: Data from chromosome X will not be used in analysis
NOTICE: Median-adjusting LRR values for all autosome markers from father.txt by -0.0166
NOTICE: Median-adjusting BAF values for all autosome markers from father.txt by 0.0029
NOTICE: quality summary for father.txt: LRR_mean=0.0026 LRR_median=0.0000 LRR_SD=0.1321 BAF_mean=0.5063 BAF_median=0.5000 BAF_SD=0.0390 BAF_DRIFT=0.000037 WF=0.0118 GCWF=0.0020
NOTICE: Reading LRR and BAF values for from mother.txt ... Done with 93129 records in 4 chromosomes
NOTICE: Adjusting LRR by GC model: WF changes from 0.0100 to 0.0103, GCWF changes from 0.0028 to 0.0035
NOTICE: Data from chromosome X will not be used in analysis
NOTICE: Median-adjusting LRR values for all autosome markers from mother.txt by 0.0050
NOTICE: Median-adjusting BAF values for all autosome markers from mother.txt by 0.0324
NOTICE: quality summary for mother.txt: LRR_mean=0.0039 LRR_median=0.0000 LRR_SD=0.1374 BAF_mean=0.5044 BAF_median=0.5000 BAF_SD=0.0418 BAF_DRIFT=0.000140 WF=0.0103 GCWF=0.0035
NOTICE: Reading LRR and BAF values for from offspring.txt ... Done with 93129 records in 4 chromosomes
NOTICE: Adjusting LRR by GC model: WF changes from -0.0171 to 0.0126, GCWF changes from -0.0100 to 0.0016
NOTICE: Data from chromosome X will not be used in analysis
NOTICE: Median-adjusting LRR values for all autosome markers from offspring.txt by 0.0026
NOTICE: Median-adjusting BAF values for all autosome markers from offspring.txt by 0.0260
NOTICE: quality summary for offspring.txt: LRR_mean=0.0029 LRR_median=0.0000 LRR_SD=0.1253 BAF_mean=0.5045 BAF_median=0.5000 BAF_SD=0.0429 BAF_DRIFT=0.000293 WF=0.0126 GCWF=0.0016
